Starting Dynare (version 5.2).
Calling Dynare with arguments: none
Starting preprocessing of the model file ...
WARNING: in the 'steady_state_model' block, variable 'ewma' is not assigned a value
WARNING: in the 'steady_state_model' block, variable 'epinfma' is not assigned a value
WARNING: in the 'steady_state_model' block, variable 'zcapf' is not assigned a value
WARNING: in the 'steady_state_model' block, variable 'rkf' is not assigned a value
WARNING: in the 'steady_state_model' block, variable 'kf' is not assigned a value
WARNING: in the 'steady_state_model' block, variable 'pkf' is not assigned a value
WARNING: in the 'steady_state_model' block, variable 'cf' is not assigned a value
WARNING: in the 'steady_state_model' block, variable 'invef' is not assigned a value
WARNING: in the 'steady_state_model' block, variable 'yf' is not assigned a value
WARNING: in the 'steady_state_model' block, variable 'labf' is not assigned a value
WARNING: in the 'steady_state_model' block, variable 'wf' is not assigned a value
WARNING: in the 'steady_state_model' block, variable 'rrf' is not assigned a value
WARNING: in the 'steady_state_model' block, variable 'mc' is not assigned a value
WARNING: in the 'steady_state_model' block, variable 'zcap' is not assigned a value
WARNING: in the 'steady_state_model' block, variable 'rk' is not assigned a value
WARNING: in the 'steady_state_model' block, variable 'k' is not assigned a value
WARNING: in the 'steady_state_model' block, variable 'pk' is not assigned a value
WARNING: in the 'steady_state_model' block, variable 'c' is not assigned a value
WARNING: in the 'steady_state_model' block, variable 'inve' is not assigned a value
WARNING: in the 'steady_state_model' block, variable 'y' is not assigned a value
WARNING: in the 'steady_state_model' block, variable 'lab' is not assigned a value
WARNING: in the 'steady_state_model' block, variable 'pinf' is not assigned a value
WARNING: in the 'steady_state_model' block, variable 'w' is not assigned a value
WARNING: in the 'steady_state_model' block, variable 'r' is not assigned a value
WARNING: in the 'steady_state_model' block, variable 'a' is not assigned a value
WARNING: in the 'steady_state_model' block, variable 'b' is not assigned a value
WARNING: in the 'steady_state_model' block, variable 'g' is not assigned a value
WARNING: in the 'steady_state_model' block, variable 'qs' is not assigned a value
WARNING: in the 'steady_state_model' block, variable 'ms' is not assigned a value
WARNING: in the 'steady_state_model' block, variable 'spinf' is not assigned a value
WARNING: in the 'steady_state_model' block, variable 'sw' is not assigned a value
WARNING: in the 'steady_state_model' block, variable 'kpf' is not assigned a value
WARNING: in the 'steady_state_model' block, variable 'kp' is not assigned a value
Found 40 equation(s).
Evaluating expressions...done
Computing static model derivatives (order 1).
Computing dynamic model derivatives (order 2).
Processing outputs ...
done
Preprocessing completed.

[Warning: Some of the parameters have no value (ccs, cinvs, crdpi) when using stoch_simul. If these parameters are not initialized in a
steadystate file or a steady_state_model-block, Dynare may not be able to solve the model. Note that simul, perfect_foresight_setup, and
perfect_foresight_solver do not automatically call the steady state file.] 

MODEL SUMMARY

  Number of variables:         40
  Number of stochastic shocks: 7
  Number of state variables:   20
  Number of jumpers:           12
  Number of static variables:  14


MATRIX OF COVARIANCE OF EXOGENOUS SHOCKS
Variables          ea        eb        eg       eqs        em     epinf        ew
ea           0.122500  0.000000  0.000000  0.000000  0.000000  0.000000  0.000000
eb           0.000000  3.062500  0.000000  0.000000  0.000000  0.000000  0.000000
eg           0.000000  0.000000  0.302500  0.000000  0.000000  0.000000  0.000000
eqs          0.000000  0.000000  0.000000  0.250000  0.000000  0.000000  0.000000
em           0.000000  0.000000  0.000000  0.000000  0.040000  0.000000  0.000000
epinf        0.000000  0.000000  0.000000  0.000000  0.000000  0.014400  0.000000
ew           0.000000  0.000000  0.000000  0.000000  0.000000  0.000000  0.052900

POLICY AND TRANSITION FUNCTIONS
                                  dy              dc           dinve          labobs         pinfobs              dw            robs
Constant                    0.350000        0.350000        0.350000               0        0.800000        0.350000        2.033714
ewma(-1)                   -0.186557        0.030395        0.262188        0.153236       -0.312118       -1.696738       -0.093798
epinfma(-1)                 0.384463        0.170182        0.594559        0.095440       -0.999461        1.029289       -0.094168
yf(-1)                     -0.287832       -0.286504       -0.374123       -0.190501       -0.062092       -0.056296        0.128689
y(-1)                      -0.712168        0.286504        0.374123        0.190501        0.062092        0.056296       -0.128689
r(-1)                      -1.295243       -1.289266       -1.683553       -0.857252       -0.279412       -0.253331        0.579102
a(-1)                       0.329760        0.517840        0.562704       -0.835530       -0.141815        0.199677       -0.143171
b(-1)                       2.314720        2.506341        2.258507        1.557115        0.178153        0.301980        0.517268
g(-1)                       0.947815       -0.130881       -0.287505        0.653457        0.027520        0.028487        0.059663
qs(-1)                      0.390577       -0.044318        2.428189        0.264900        0.035297        0.038005        0.033957
ms(-1)                     -0.466858       -0.459313       -0.627255       -0.308404       -0.106438       -0.094818        0.133333
spinf(-1)                  -0.256309       -0.113455       -0.396373       -0.063627        0.666307       -0.686193        0.062779
sw(-1)                      0.099497       -0.016211       -0.139834       -0.081726        0.166463        0.904927        0.050025
kpf(-1)                    -0.010200       -0.011071       -0.009752       -0.006846       -0.001413       -0.001425        0.015357
kp(-1)                     -0.140372        0.058524        0.015785       -0.139701       -0.011677        0.003324       -0.031522
cf(-1)                      0.015458        0.019411        0.004852        0.010670       -0.001026        0.000392       -0.057189
invef(-1)                   0.010779        0.011845        0.009929        0.007284        0.000171        0.001207       -0.017840
c(-1)                       0.457642       -0.382088       -0.048497        0.315172        0.008139        0.015810        0.097529
inve(-1)                    0.144861       -0.005678       -0.139987        0.099454        0.005045        0.006861        0.031304
pinf(-1)                   -0.102249       -0.080263       -0.160743       -0.055065        0.351962       -0.095647        0.040121
w(-1)                       0.089784       -0.020395       -0.073459       -0.068468        0.092321       -0.215097        0.035011
ea                          0.723942        0.469099        0.449829       -0.574503       -0.131899        0.213442       -0.120014
eb                          3.561108        3.855910        3.474626        2.395561        0.274082        0.464585        0.795797
eg                          0.977129       -0.134929       -0.296397        0.673667        0.028371        0.029369        0.061508
eqs                         0.600887       -0.068182        3.735675        0.407538        0.054303        0.058469        0.052242
em                         -1.867434       -1.837254       -2.509021       -1.233617       -0.425751       -0.379272        0.533333
epinf                      -0.356155       -0.246482       -0.230942       -0.101273        0.865312       -0.876342        0.076637
ew                          0.117585       -0.040690        0.031604       -0.076869       -0.019429        0.951153        0.021293


MOMENTS OF SIMULATED VARIABLES
VARIABLE              MEAN       STD. DEV.        VARIANCE        SKEWNESS        KURTOSIS
dy                0.341520        7.259076       52.694180       -0.057554       -0.251861
dc                0.338809        7.742057       59.939442       -0.044209       -0.267398
dinve             0.342994        7.805689       60.928785       -0.057507       -0.129809
labobs            1.058824       11.548322      133.363740       -0.024428        0.030880
pinfobs           0.961893        1.579940        2.496209        0.019713        0.047874
dw                0.347221        1.153187        1.329839       -0.082858       -0.085648
robs              2.514639        3.945678       15.568378       -0.012244        0.056184


CORRELATION OF SIMULATED VARIABLES
VARIABLE         dy       dc    dinve   labobs  pinfobs       dw     robs
dy           1.0000   0.9931   0.9281   0.2273   0.1081   0.8623   0.1827
dc           0.9931   1.0000   0.9003   0.1872   0.0744   0.8330   0.1481
dinve        0.9281   0.9003   1.0000   0.4225   0.2981   0.9089   0.3668
labobs       0.2273   0.1872   0.4225   1.0000   0.9759   0.4770   0.9874
pinfobs      0.1081   0.0744   0.2981   0.9759   1.0000   0.3345   0.9681
dw           0.8623   0.8330   0.9089   0.4770   0.3345   1.0000   0.4184
robs         0.1827   0.1481   0.3668   0.9874   0.9681   0.4184   1.0000


AUTOCORRELATION OF SIMULATED VARIABLES
VARIABLE          1        2        3        4        5
dy           0.3968   0.0807  -0.0865  -0.1139  -0.1381
dc           0.3700   0.0486  -0.1088  -0.1273  -0.1417
dinve        0.5393   0.2367   0.0377  -0.0442  -0.1139
labobs       0.9097   0.7513   0.5805   0.4265   0.2936
pinfobs      0.9284   0.8039   0.6642   0.5261   0.3961
dw           0.5464   0.2894   0.0982   0.0187  -0.0907
robs         0.9158   0.7678   0.6075   0.4639   0.3402



VARIANCE DECOMPOSITION SIMULATING ONE SHOCK AT A TIME (in percent)
                         ea                eb                eg               eqs                em             epinf                ew  Tot. lin. contr.
dy                     0.18             98.80              0.57              0.24              0.42              0.00              0.00            100.21
dc                     0.09            100.15              0.02              0.00              0.34              0.00              0.00            100.60
dinve                  0.16             90.36              0.15              8.11              0.82              0.00              0.00             99.60
labobs                 0.20             94.79              0.80              0.38              0.95              0.00              0.01             97.13
pinfobs                0.39             89.72              0.19              0.28              4.27              0.53              0.05             95.44
dw                     1.46             89.05              0.03              0.15              0.89              1.09              7.57            100.25
robs                   0.07             99.57              0.11              0.19              0.18              0.00              0.00            100.12
Note: numbers do not add up to 100 due to non-zero correlation of simulated shocks in small samples


You did not declare endogenous variables after the estimation/calib_smoother command.
[Warning: Some of the parameters have no value (ccs, cinvs, crdpi) when using initial_estimation_checks. If these parameters are not
initialized in a steadystate file or a steady_state_model-block, Dynare may not be able to solve the model. Note that simul,
perfect_foresight_setup, and perfect_foresight_solver do not automatically call the steady state file.] 
Initial value of the log posterior (or likelihood): -12858.892
-----------------
f at the beginning of new iteration,     12858.8920177812
Predicted improvement:   237109.553143572
lambda =          1; f =        12882.8055604
lambda =    0.33333; f =        12860.3260895
lambda =    0.11111; f =        12858.9165657
lambda =   0.037037; f =        12858.8979776
lambda =   0.012346; f =        12858.8920354
lambda =  0.0041152; f =        11575.9167910
Norm of dx     6.8864
----
Improvement on iteration 1 =     1282.975226814
-----------------
f at the beginning of new iteration,     11575.9167909674
Predicted improvement:    26963.334471955
lambda =          1; f =        11577.1930713
lambda =    0.33333; f =        11575.9301015
lambda =    0.11111; f =        11575.9194198
lambda =   0.037037; f =        11575.9168016
lambda =   0.012346; f =        11053.7359823
lambda =   0.023866; f =        10799.6493636
Norm of dx     2.4444
----
Improvement on iteration 2 =      776.267427333
-----------------
f at the beginning of new iteration,     10799.6493636348
Predicted improvement:    52386.429873130
lambda =          1; f =        10806.6554201
lambda =    0.33333; f =        10799.9550041
lambda =    0.11111; f =        10799.6568692
lambda =   0.037037; f =        10799.6555313
lambda =   0.012346; f =        10799.6496839
lambda =  0.0041152; f =        10390.4640217
lambda =  0.0079555; f =        10799.6494150
lambda =  0.0053568; f =        10799.6493646
lambda =  0.0042252; f =        10381.7219943
lambda =  0.0048717; f =        10337.0289038
lambda =  0.0056171; f =        10799.6493662
lambda =  0.0051572; f =        10799.6493639
lambda =  0.0048995; f =        10335.6673709
lambda =  0.0050525; f =        10799.6493637
lambda =  0.0049602; f =        10799.6493636
lambda =  0.0049055; f =        10335.4001343
Norm of dx     5.7463
Cliff.  Perturbing search direction.
Predicted improvement:    84182.470813355
lambda =          1; f =        10809.3368956
lambda =    0.33333; f =        10800.1679551
lambda =    0.11111; f =        10799.6678503
lambda =   0.037037; f =        10799.6724929
lambda =   0.012346; f =        10799.6511920
lambda =  0.0041152; f =        10799.6494056
lambda =  0.0013717; f =        10579.8257339
lambda =  0.0026518; f =        10799.6493636
lambda =  0.0017856; f =        10522.9155135
lambda =  0.0022638; f =        10468.1373069
lambda =  0.0028701; f =        10799.6493646
lambda =  0.0024892; f =        10448.1399020
lambda =  0.0027112; f =        10799.6493637
lambda =  0.0025757; f =        10442.1090622
lambda =  0.0026562; f =        10799.6493636
lambda =  0.0026076; f =        10440.4074818
lambda =  0.0026367; f =        10439.5052781
lambda =   0.002666; f =        10799.6493636
Norm of dx     7.3916
Cliff again.  Try traversing
Predicted improvement: 50370988.992960945
lambda =          1; f =     45152761.8034222
lambda =    0.33333; f =      5022845.1687469
lambda =    0.11111; f =       566454.8982033
lambda =   0.037037; f =        72130.0812350
lambda =   0.012346; f =        17481.4125219
lambda =  0.0041152; f =        11501.0383141
lambda =  0.0013717; f =        10865.9872570
lambda = 0.00045725; f =        10804.5286125
lambda = 0.00015242; f =        10799.7954620
lambda = 5.0805e-05; f =        10799.6502794
lambda = 1.6935e-05; f =        10799.6502709
lambda =  5.645e-06; f =        10799.6494122
lambda = 1.8817e-06; f =        10706.4589894
Norm of dx      10037
----
Improvement on iteration 3 =      464.249229366
back and forth on step length never finished
-----------------
f at the beginning of new iteration,     10335.4001342693
Predicted improvement:    52386.429873130
lambda =          1; f =        10342.4922277
lambda =    0.33333; f =        10335.7199549
lambda =    0.11111; f =        10335.4092635
lambda =   0.037037; f =        10335.4083403
lambda =   0.012346; f =        10335.4010303
lambda =  0.0041152; f =        10335.4002295
lambda =  0.0013717; f =        10335.4001442
lambda = 0.00045725; f =        10335.4001353
lambda = 0.00015242; f =        10335.4001343
lambda = 5.0805e-05; f =        10335.4001343
lambda = 1.6935e-05; f =        10334.7297007
Norm of dx     5.7463
----
Improvement on iteration 4 =        0.670433532
-----------------
f at the beginning of new iteration,     10334.7297007376
Predicted improvement:    25389.394169783
lambda =          1; f =        10335.7674481
lambda =    0.33333; f =        10334.7746889
lambda =    0.11111; f =        10334.7299481
lambda =   0.037037; f =         9698.2503481
Norm of dx     2.7624
----
Improvement on iteration 5 =      636.479352679
-----------------
f at the beginning of new iteration,      9698.2503480590
Predicted improvement:    44980.982353809
lambda =          1; f =         9714.5658738
lambda =    0.33333; f =         9699.4208791
lambda =    0.11111; f =         9698.3159671
lambda =   0.037037; f =         9698.2526119
lambda =   0.012346; f =         8803.0793493
lambda =   0.023866; f =         9698.2506344
lambda =    0.01607; f =         8766.6265641
Norm of dx     7.8962
----
Improvement on iteration 6 =      931.623783978
-----------------
f at the beginning of new iteration,      8766.6265640812
Predicted improvement:    19139.751857440
lambda =          1; f =         8768.3629453
lambda =    0.33333; f =         8766.7610985
lambda =    0.11111; f =         8766.6386452
lambda =   0.037037; f =         8766.6278472
lambda =   0.012346; f =         8766.6266878
lambda =  0.0041152; f =         8766.6265724
lambda =  0.0013717; f =         8766.6265641
lambda = 0.00045725; f =         8749.3017426
lambda = 0.00088394; f =         8733.4564166
lambda =  0.0017088; f =         8766.6265643
lambda =  0.0011506; f =         8723.7110823
lambda =  0.0014588; f =         8766.6265641
lambda =  0.0012652; f =         8766.6265641
lambda =  0.0011616; f =         8723.3126704
lambda =  0.0012227; f =         8721.0984212
lambda =   0.001287; f =         8766.6265641
lambda =   0.001248; f =         8766.6265641
lambda =  0.0012252; f =         8721.0076051
lambda =  0.0012388; f =         8766.6265641
Norm of dx     3.2831
Cliff.  Perturbing search direction.
Predicted improvement:    34217.782434535
lambda =          1; f =         8769.5898714
lambda =    0.33333; f =         8766.8604272
lambda =    0.11111; f =         8766.6447301
lambda =   0.037037; f =         8766.6285098
lambda =   0.012346; f =         8766.6267569
lambda =  0.0041152; f =         8766.6265786
lambda =  0.0013717; f =         8766.6265643
lambda = 0.00045725; f =         8735.7065564
lambda = 0.00088394; f =         8707.5179114
lambda =  0.0017088; f =         8766.6265648
lambda =  0.0011506; f =         8766.6265641
lambda = 0.00090756; f =         8705.9763331
lambda =  0.0010464; f =         8766.6265641
lambda = 0.00096075; f =         8702.5116194
lambda =  0.0010113; f =         8766.6265641
lambda = 0.00098065; f =         8701.2177529
lambda = 0.00099891; f =         8700.0315847
lambda =  0.0010175; f =         8766.6265641
lambda =  0.0010063; f =         8766.6265641
Norm of dx      4.144
Cliff again.  Try traversing
Predicted improvement: 330915777.534100413
lambda =          1; f =    370362742.9930008
lambda =    0.33333; f =     41148936.6155483
lambda =    0.11111; f =      4576476.5721956
lambda =   0.037037; f =       515153.8261666
lambda =   0.012346; f =        64657.0517594
lambda =  0.0041152; f =        14855.6239300
lambda =  0.0013717; f =         9406.5692689
lambda = 0.00045725; f =         8828.4237837
lambda = 0.00015242; f =         8771.7466047
lambda = 5.0805e-05; f =         8766.8764885
lambda = 1.6935e-05; f =         8766.6274034
lambda =  5.645e-06; f =         8766.6265698
lambda = 1.8817e-06; f =         8221.3452501
Norm of dx      25726
----
Improvement on iteration 7 =      545.281313995
-----------------
f at the beginning of new iteration,      8221.3452500860
Predicted improvement:    17204.070072934
lambda =          1; f =         8223.2369543
lambda =    0.33333; f =         8221.4870620
lambda =    0.11111; f =         8221.3581877
lambda =   0.037037; f =         8221.3466181
lambda =   0.012346; f =         8221.3453801
lambda =  0.0041152; f =         8221.3452583
lambda =  0.0013717; f =         8221.3452501
lambda = 0.00045725; f =         8205.7316909
lambda = 0.00088394; f =         8191.3765356
lambda =  0.0017088; f =         8221.3452502
lambda =  0.0011506; f =         8182.5100758
lambda =  0.0014588; f =         8221.3452501
lambda =  0.0012652; f =         8178.7258519
lambda =   0.001378; f =         8221.3452501
lambda =  0.0013092; f =         8177.2771498
lambda =  0.0013501; f =         8221.3452501
lambda =  0.0013254; f =         8176.7439352
lambda =  0.0013401; f =         8176.2586621
lambda =  0.0013551; f =         8221.3452501
Norm of dx     3.0417
Cliff.  Perturbing search direction.
Predicted improvement:    22682.639649335
lambda =          1; f =         8224.1631600
lambda =    0.33333; f =         8221.5567978
lambda =    0.11111; f =         8221.3621158
lambda =   0.037037; f =         8221.3470446
lambda =   0.012346; f =         8221.3454242
lambda =  0.0041152; f =         8221.3452621
lambda =  0.0013717; f =         8221.3452501
lambda = 0.00045725; f =         8200.7990833
lambda = 0.00088394; f =         8181.9822744
lambda =  0.0017088; f =         8221.3452505
lambda =  0.0011506; f =         8170.3976437
lambda =  0.0014588; f =         8221.3452502
lambda =  0.0012652; f =         8221.3452501
lambda =  0.0011616; f =         8169.9238505
lambda =  0.0012227; f =         8221.3452501
lambda =  0.0011857; f =         8221.3452501
lambda =   0.001164; f =         8169.8209496
lambda =  0.0011769; f =         8169.2618145
lambda =    0.00119; f =         8221.3452501
Norm of dx     3.9156
Cliff again.  Try traversing
Predicted improvement: 33984172.081919052
lambda =          1; f =      7654625.6151661
lambda =    0.33333; f =       855506.8223756
lambda =    0.11111; f =       101599.0898531
lambda =   0.037037; f =        18345.8897136
lambda =   0.012346; f =         9266.5107622
lambda =  0.0041152; f =         8314.3716483
lambda =  0.0013717; f =         8227.2493083
lambda = 0.00045725; f =         8221.7136913
lambda = 0.00015242; f =         8221.3561913
lambda = 5.0805e-05; f =         8221.3452527
lambda = 1.6935e-05; f =         8221.3452501
lambda =  5.645e-06; f =         7965.8007933
Norm of dx     8244.3
----
Improvement on iteration 8 =      255.544456820
-----------------
f at the beginning of new iteration,      7965.8007932661
Predicted improvement:     6024.091045725
lambda =          1; f =         7966.3351850
lambda =    0.33333; f =         7965.8282209
lambda =    0.11111; f =         7965.8036241
lambda =   0.037037; f =         7965.8010779
lambda =   0.012346; f =         7965.8008159
lambda =  0.0041152; f =         7965.8007938
lambda =  0.0013717; f =         7949.5247400
lambda =  0.0026518; f =         7965.8007933
lambda =  0.0017856; f =         7944.7102065
lambda =  0.0022638; f =         7939.2006801
lambda =  0.0028701; f =         7965.8007933
lambda =  0.0024892; f =         7936.6235794
lambda =  0.0027112; f =         7965.8007933
lambda =  0.0025757; f =         7935.6376400
lambda =  0.0026562; f =         7965.8007933
lambda =  0.0026076; f =         7935.2748405
lambda =  0.0026367; f =         7934.9447018
lambda =   0.002666; f =         7965.8007933
Norm of dx     1.4125
Cliff.  Perturbing search direction.
Predicted improvement:     8354.765255032
lambda =          1; f =         7966.8296458
lambda =    0.33333; f =         7965.8611959
lambda =    0.11111; f =         7965.8054920
lambda =   0.037037; f =         7965.8012765
lambda =   0.012346; f =         7965.8008350
lambda =  0.0041152; f =         7965.8007949
lambda =  0.0013717; f =         7943.3940259
lambda =  0.0026518; f =         7965.8007934
lambda =  0.0017856; f =         7936.8218613
lambda =  0.0022638; f =         7965.8007933
lambda =  0.0019634; f =         7934.0235786
lambda =  0.0021385; f =         7965.8007933
lambda =  0.0020316; f =         7932.9533418
lambda =  0.0020951; f =         7965.8007933
lambda =  0.0020568; f =         7932.5595665
lambda =  0.0020797; f =         7965.8007933
Norm of dx     1.8188
Cliff again.  Try traversing
Predicted improvement:  7043621.031299004
lambda =          1; f =      7887822.2870088
lambda =    0.33333; f =       881187.6915203
lambda =    0.11111; f =       104225.7441518
lambda =   0.037037; f =        18411.9992052
lambda =   0.012346; f =         9048.7638586
lambda =  0.0041152; f =         8065.2690347
lambda =  0.0013717; f =         7973.4872634
lambda = 0.00045725; f =         7966.4112379
lambda = 0.00015242; f =         7965.8316353
lambda = 5.0805e-05; f =        15536.3701437
lambda = 1.6935e-05; f =         8011.0829557
lambda =  5.645e-06; f =         7921.9081461
Norm of dx     3753.3
----
Improvement on iteration 9 =       43.892647168
-----------------
f at the beginning of new iteration,      7921.9081460982
Predicted improvement:     6839.091623406
lambda =          1; f =         7922.6886123
lambda =    0.33333; f =         7921.9641071
lambda =    0.11111; f =         7921.9126130
lambda =   0.037037; f =         7921.9086042
lambda =   0.012346; f =         7921.9081853
lambda =  0.0041152; f =         7921.9081476
lambda =  0.0013717; f =         7903.4805049
lambda =  0.0026518; f =         7921.9081462
lambda =  0.0017856; f =         7898.0519683
lambda =  0.0022638; f =         7921.9081461
lambda =  0.0019634; f =         7895.7383561
lambda =  0.0021385; f =         7893.4706457
lambda =  0.0023292; f =         7921.9081461
lambda =  0.0022128; f =         7921.9081461
lambda =  0.0021458; f =         7921.9081461
Norm of dx      1.653
Cliff.  Perturbing search direction.
Predicted improvement:     8771.435612966
lambda =          1; f =         7923.1976607
lambda =    0.33333; f =         7921.9932655
lambda =    0.11111; f =         7921.9152253
lambda =   0.037037; f =         7921.9088843
lambda =   0.012346; f =         7921.9082130
lambda =  0.0041152; f =         7921.9081495
lambda =  0.0013717; f =         7898.3144758
lambda =  0.0026518; f =         7921.9081466
lambda =  0.0017856; f =         7921.9081461
lambda =  0.0014084; f =         7897.6969827
lambda =  0.0016239; f =         7894.0795096
lambda =  0.0018724; f =         7921.9081461
lambda =  0.0017191; f =         7921.9081461
lambda =  0.0016332; f =         7893.9243399
lambda =  0.0016842; f =         7893.0717433
lambda =  0.0017368; f =         7921.9081461
lambda =   0.001705; f =         7892.7236663
lambda =   0.001724; f =         7921.9081461
Norm of dx     2.0439
Cliff again.  Try traversing
Predicted improvement:  1172286.215950160
lambda =          1; f =      1450622.3531233
lambda =    0.33333; f =       167652.5122110
lambda =    0.11111; f =        25482.7729340
lambda =   0.037037; f =         9813.6107190
lambda =   0.012346; f =         8114.7321814
lambda =  0.0041152; f =         7939.5192447
lambda =  0.0013717; f =         7923.3882625
lambda = 0.00045725; f =         7921.9697799
lambda = 0.00015242; f =         7921.9083523
lambda = 5.0805e-05; f =         8157.0421293
lambda = 1.6935e-05; f =         7914.1410785
lambda =  5.645e-06; f =         7913.0757289
Norm of dx     1531.2
----
Improvement on iteration 10 =       29.184479778
back and forth on step length never finished
-----------------
f at the beginning of new iteration,      7892.7236663203
Predicted improvement:     6839.091623406
lambda =          1; f =         7893.5079529
lambda =    0.33333; f =         7892.7804754
lambda =    0.11111; f =         7892.7283103
lambda =   0.037037; f =         7892.7241823
lambda =   0.012346; f =         7892.7237236
lambda =  0.0041152; f =         7892.7236727
lambda =  0.0013717; f =         7892.7236670
lambda = 0.00045725; f =         7892.7236664
lambda = 0.00015242; f =         7892.7236663
lambda = 5.0805e-05; f =         7892.7236663
lambda = 1.6935e-05; f =         7892.7236663
lambda =  5.645e-06; f =         7892.7236663
lambda = 1.8817e-06; f =         7892.6992734
Norm of dx      1.653
----
Improvement on iteration 11 =        0.024392948
-----------------
f at the beginning of new iteration,      7892.6992733725
Predicted improvement:     6147.087326912
lambda =          1; f =         7893.3747433
lambda =    0.33333; f =         7892.7473955
lambda =    0.11111; f =         7892.7033107
lambda =   0.037037; f =         7892.6997219
lambda =   0.012346; f =         7892.6993232
lambda =  0.0041152; f =         7892.6992789
lambda =  0.0013717; f =         7892.6992740
lambda = 0.00045725; f =         7892.6992734
lambda = 0.00015242; f =         7892.6992734
lambda = 5.0805e-05; f =         7892.6992734
lambda = 1.6935e-05; f =         7892.6992734
lambda =  5.645e-06; f =         7892.6992734
lambda = 1.8817e-06; f =         7892.6992734
lambda = 6.2723e-07; f =         7892.6915622
lambda = 1.2125e-06; f =         7892.6843664
lambda = 2.3441e-06; f =         7892.6992734
lambda = 1.5784e-06; f =         7892.6992734
lambda = 1.2449e-06; f =         7892.6839682
lambda = 1.4354e-06; f =         7892.6992734
lambda = 1.3179e-06; f =         7892.6830712
lambda = 1.3872e-06; f =         7892.6822191
lambda = 1.4602e-06; f =         7892.6992734
lambda = 1.4159e-06; f =         7892.6992734
lambda = 1.3901e-06; f =         7892.6821841
lambda = 1.4055e-06; f =         7892.6819939
lambda = 1.4212e-06; f =         7892.6992734
Norm of dx     1.5615
Cliff.  Perturbing search direction.
Predicted improvement:     8227.851518583
lambda =          1; f =         7894.0716529
lambda =    0.33333; f =         7892.7718683
lambda =    0.11111; f =         7892.7033553
lambda =   0.037037; f =         7892.6997269
lambda =   0.012346; f =         7892.6993238
lambda =  0.0041152; f =         7892.6992790
lambda =  0.0013717; f =         7892.6992740
lambda = 0.00045725; f =         7892.6992734
lambda = 0.00015242; f =         7892.6992734
lambda = 5.0805e-05; f =         7892.6992734
lambda = 1.6935e-05; f =         7892.6992734
lambda =  5.645e-06; f =         7892.6992734
lambda = 1.8817e-06; f =         7892.6992734
lambda = 6.2723e-07; f =         7892.6889520
lambda = 1.2125e-06; f =         7892.6793205
lambda = 2.3441e-06; f =         7892.6992734
lambda = 1.5784e-06; f =         7892.6992734
lambda = 1.2449e-06; f =         7892.6787875
lambda = 1.4354e-06; f =         7892.6992734
lambda = 1.3179e-06; f =         7892.6775869
lambda = 1.3872e-06; f =         7892.6764464
lambda = 1.4602e-06; f =         7892.6992734
lambda = 1.4159e-06; f =         7892.6992734
lambda = 1.3901e-06; f =         7892.6763995
lambda = 1.4055e-06; f =         7892.6992734
Norm of dx     1.9771
Cliff again.  Try traversing
Predicted improvement: 25779533.463672116
lambda =          1; f =     45766492.9259603
lambda =    0.33333; f =      5090409.2821354
lambda =    0.11111; f =       572028.7203104
lambda =   0.037037; f =        70381.1629808
lambda =   0.012346; f =        14773.7390237
lambda =  0.0041152; f =         8638.2987546
lambda =  0.0013717; f =         7970.5013218
lambda = 0.00045725; f =         7900.1529899
lambda = 0.00015242; f =         7893.2267000
lambda = 5.0805e-05; f =         7892.7032771
lambda = 1.6935e-05; f =         7664.4464385
lambda =  5.645e-06; f =         7663.9101874
lambda = 1.0913e-05; f =         7571.7118741
Norm of dx     7180.5
----
Improvement on iteration 12 =      320.987399278
-----------------
f at the beginning of new iteration,      7571.7118740944
Predicted improvement:     2140.459423065
lambda =          1; f =         7571.8921754
lambda =    0.33333; f =         7571.7123453
lambda =    0.11111; f =         7472.8389661
lambda =   0.037037; f =         7455.4839277
lambda =   0.071599; f =         7421.2155005
Norm of dx    0.92555
----
Improvement on iteration 13 =      150.496373552
-----------------
f at the beginning of new iteration,      7421.2155005426
Predicted improvement:     2064.174187115
lambda =          1; f =         7421.2694458
lambda =    0.33333; f =         7421.2158688
lambda =    0.11111; f =         7421.2155107
lambda =   0.037037; f =         7296.9752214
lambda =   0.071599; f =         7421.2155017
lambda =   0.048211; f =         7271.7509788
lambda =   0.061123; f =         7421.2155008
lambda =   0.053011; f =         7421.2155006
lambda =   0.048671; f =         7270.9203440
lambda =    0.05123; f =         7267.1018785
lambda =   0.053925; f =         7421.2155006
lambda =   0.052292; f =         7421.2155005
lambda =   0.051336; f =         7421.2155005
Norm of dx    0.92538
Cliff.  Perturbing search direction.
Predicted improvement:     4167.580167466
lambda =          1; f =         7421.2173974
lambda =    0.33333; f =         7421.2162540
lambda =    0.11111; f =         7421.2155076
lambda =   0.037037; f =         7221.7509080
Norm of dx     1.2141

badg2 =

     0

----
Improvement on iteration 14 =      199.464592579
-----------------
f at the beginning of new iteration,      7221.7509079637
Predicted improvement:     2103.747358884
lambda =          1; f =         7221.8167043
lambda =    0.33333; f =         7221.7515680
lambda =    0.11111; f =         7148.6362876
lambda =   0.037037; f =         7104.3405930
lambda =   0.071599; f =         7070.7475728
Norm of dx     1.1001
----
Improvement on iteration 15 =      151.003335177
-----------------
f at the beginning of new iteration,      7070.7475727871
Predicted improvement:     1525.199522409
lambda =          1; f =         7070.7538718
lambda =    0.33333; f =         7070.7475963
lambda =    0.11111; f =         6963.9277544
Norm of dx    0.96227
----
Improvement on iteration 16 =      106.819818430
-----------------
f at the beginning of new iteration,      6963.9277543572
Predicted improvement:     1703.116639067
lambda =          1; f =         6963.9394760
lambda =    0.33333; f =         6963.9277662
lambda =    0.11111; f =         6963.9277545
lambda =   0.037037; f =         6879.0155101
Norm of dx     1.1058
----
Improvement on iteration 17 =       84.912244264
-----------------
f at the beginning of new iteration,      6879.0155100933
Predicted improvement:     1593.033848630
lambda =          1; f =         6879.0320269
lambda =    0.33333; f =         6879.0171920
lambda =    0.11111; f =         6879.0155110
lambda =   0.037037; f =         6791.6325498
lambda =   0.071599; f =         6760.7298115
Norm of dx      1.058
----
Improvement on iteration 18 =      118.285698568
-----------------
f at the beginning of new iteration,      6760.7298115248
Predicted improvement:      850.239408409
lambda =          1; f =         6760.7298369
lambda =    0.33333; f =         6907.2457237
lambda =    0.11111; f =         6645.5106425
Norm of dx    0.59018
----
Improvement on iteration 19 =      115.219169068
-----------------
f at the beginning of new iteration,      6645.5106424570
Predicted improvement:      401.204029234
lambda =          1; f =        15583.5064269
lambda =    0.33333; f =         6559.4083265
Norm of dx    0.37168
----
Improvement on iteration 20 =       86.102315978
-----------------
f at the beginning of new iteration,      6559.4083264793
Predicted improvement:      451.784768363
lambda =          1; f =         6559.4083659
lambda =    0.33333; f =         7998.5995499
lambda =    0.11111; f =         6494.7033363
Norm of dx    0.43723
----
Improvement on iteration 21 =       64.704990217
-----------------
f at the beginning of new iteration,      6494.7033362618
Predicted improvement:      251.161010234
lambda =          1; f =         7027.0367020
lambda =    0.33333; f =         6410.3215396
Norm of dx    0.19285
----
Improvement on iteration 22 =       84.381796697
-----------------
f at the beginning of new iteration,      6410.3215395647
Predicted improvement:      333.235675691
lambda =          1; f =        10397.5611000
lambda =    0.33333; f =         6461.1240452
lambda =    0.11111; f =         6362.2756773
Norm of dx    0.23797
----
Improvement on iteration 23 =       48.045862267
-----------------
f at the beginning of new iteration,      6362.2756772976
Predicted improvement:      123.408393921
lambda =          1; f =         6972.3982063
lambda =    0.33333; f =         6315.5490259
Norm of dx    0.16843
----
Improvement on iteration 24 =       46.726651408
-----------------
f at the beginning of new iteration,      6315.5490258891
Predicted improvement:      136.766830502
lambda =          1; f =         6482.3394734
lambda =    0.33333; f =         6271.9956866
Norm of dx     0.2071
----
Improvement on iteration 25 =       43.553339246
-----------------
f at the beginning of new iteration,      6271.9956866427
Predicted improvement:       74.328527449
lambda =          1; f =         6219.5316280
Norm of dx    0.15267
----
Improvement on iteration 26 =       52.464058610
-----------------
f at the beginning of new iteration,      6219.5316280329
Predicted improvement:      400.699506962
lambda =          1; f =         6219.5867798
lambda =    0.33333; f =         6651.2982125
lambda =    0.11111; f =         6162.0488253
Norm of dx    0.70673
----
Improvement on iteration 27 =       57.482802724
-----------------
f at the beginning of new iteration,      6162.0488253090
Predicted improvement:      261.146728800
lambda =          1; f =         6162.0536384
lambda =    0.33333; f =         6261.5751478
lambda =    0.11111; f =         6136.9568337
Norm of dx    0.39845
----
Improvement on iteration 28 =       25.091991593
-----------------
f at the beginning of new iteration,      6136.9568337162
Predicted improvement:      240.834157753
lambda =          1; f =         6439.9089308
lambda =    0.33333; f =         6097.5938907
lambda =    0.11111; f =         6099.7508505
Norm of dx    0.16492
----
Improvement on iteration 29 =       39.362943038
-----------------
f at the beginning of new iteration,      6097.5938906784
Predicted improvement:      165.013865775
lambda =          1; f =       101139.5533842
lambda =    0.33333; f =         6127.1203209
lambda =    0.11111; f =         6072.9257398
Norm of dx    0.16362
----
Improvement on iteration 30 =       24.668150881
-----------------
f at the beginning of new iteration,      6072.9257397970
Predicted improvement:      136.778769677
lambda =          1; f =         6727.4166621
lambda =    0.33333; f =         6099.8563341
lambda =    0.11111; f =         6056.8035542
Norm of dx    0.17365
----
Improvement on iteration 31 =       16.122185573
-----------------
f at the beginning of new iteration,      6056.8035542237
Predicted improvement:       28.434074051
lambda =          1; f =         6063.8612669
lambda =    0.33333; f =         6045.1927770
Norm of dx   0.056513
----
Improvement on iteration 32 =       11.610777178
-----------------
f at the beginning of new iteration,      6045.1927770461
Predicted improvement:       15.183329413
lambda =          1; f =         6061.9985750
lambda =    0.33333; f =         6039.6836619
Norm of dx   0.047324
----
Improvement on iteration 33 =        5.509115172
-----------------
f at the beginning of new iteration,      6039.6836618744
Predicted improvement:       29.071355345
lambda =          1; f =         6342.2028867
lambda =    0.33333; f =         6040.8934647
lambda =    0.11111; f =         6035.2091251
Norm of dx    0.12642
----
Improvement on iteration 34 =        4.474536729
-----------------
f at the beginning of new iteration,      6035.2091251451
Predicted improvement:        4.763471417
lambda =          1; f =         6028.5262871
lambda =     1.9332; f =         6028.6144662
Norm of dx   0.042811
----
Improvement on iteration 35 =        6.682838008
-----------------
f at the beginning of new iteration,      6028.5262871373
Predicted improvement:        6.258599479
lambda =          1; f =         6021.6275699
Norm of dx   0.076899
----
Improvement on iteration 36 =        6.898717216
-----------------
f at the beginning of new iteration,      6021.6275699217
Predicted improvement:        6.728048738
lambda =          1; f =         6017.2601322
Norm of dx   0.094919
----
Improvement on iteration 37 =        4.367437758
-----------------
f at the beginning of new iteration,      6017.2601321635
Predicted improvement:        5.623017448
lambda =          1; f =         6011.6497649
Norm of dx   0.033144
----
Improvement on iteration 38 =        5.610367222
-----------------
f at the beginning of new iteration,      6011.6497649414
Predicted improvement:        2.709655502
lambda =          1; f =         6008.8709476
Norm of dx   0.023897
----
Improvement on iteration 39 =        2.778817366
-----------------
f at the beginning of new iteration,      6008.8709475756
Predicted improvement:        1.760367175
lambda =          1; f =         6006.6624682
Norm of dx    0.03654
----
Improvement on iteration 40 =        2.208479353
-----------------
f at the beginning of new iteration,      6006.6624682224
Predicted improvement:        1.533952636
lambda =          1; f =         6004.5807454
Norm of dx   0.050005
----
Improvement on iteration 41 =        2.081722792
-----------------
f at the beginning of new iteration,      6004.5807454307
Predicted improvement:        1.708106702
lambda =          1; f =         6001.9369688
lambda =     1.9332; f =         6000.8575824
Norm of dx   0.056702
----
Improvement on iteration 42 =        3.723163019
-----------------
f at the beginning of new iteration,      6000.8575824118
Predicted improvement:        2.306056316
lambda =          1; f =         5997.4003344
lambda =     1.9332; f =         5996.3697584
Norm of dx   0.060086
----
Improvement on iteration 43 =        4.487824061
-----------------
f at the beginning of new iteration,      5996.3697583510
Predicted improvement:        3.486329354
lambda =          1; f =         5992.7120032
Norm of dx    0.06258
----
Improvement on iteration 44 =        3.657755168
-----------------
f at the beginning of new iteration,      5992.7120031832
Predicted improvement:        2.014847183
lambda =          1; f =         5990.8181480
Norm of dx   0.038083
----
Improvement on iteration 45 =        1.893855230
-----------------
f at the beginning of new iteration,      5990.8181479528
Predicted improvement:        0.810791891
lambda =          1; f =         5989.6546647
lambda =     1.9332; f =         5989.3751040
Norm of dx   0.025173
----
Improvement on iteration 46 =        1.443043921
-----------------
f at the beginning of new iteration,      5989.3751040319
Predicted improvement:        0.546584421
lambda =          1; f =         5988.6196366
Norm of dx   0.015793
----
Improvement on iteration 47 =        0.755467406
-----------------
f at the beginning of new iteration,      5988.6196366262
Predicted improvement:        0.683222284
lambda =          1; f =         5987.7678606
Norm of dx   0.033446
----
Improvement on iteration 48 =        0.851776050
-----------------
f at the beginning of new iteration,      5987.7678605764
Predicted improvement:        0.496207647
lambda =          1; f =         5987.1352078
Norm of dx   0.033928
----
Improvement on iteration 49 =        0.632652796
-----------------
f at the beginning of new iteration,      5987.1352077808
Predicted improvement:        0.389105187
lambda =          1; f =         5986.5764536
lambda =     1.9332; f =         5986.4567098
Norm of dx   0.026475
----
Improvement on iteration 50 =        0.678497963
-----------------
f at the beginning of new iteration,      5986.4567098182
Predicted improvement:        0.263048855
lambda =          1; f =         5986.0938336
Norm of dx   0.013546
----
Improvement on iteration 51 =        0.362876201
-----------------
f at the beginning of new iteration,      5986.0938336177
Predicted improvement:        0.288677084
lambda =          1; f =         5985.7172091
Norm of dx   0.014944
----
Improvement on iteration 52 =        0.376624532
-----------------
f at the beginning of new iteration,      5985.7172090862
Predicted improvement:        0.248524397
lambda =          1; f =         5985.3580813
lambda =     1.9332; f =         5985.2731769
Norm of dx   0.020107
----
Improvement on iteration 53 =        0.444032233
-----------------
f at the beginning of new iteration,      5985.2731768532
Predicted improvement:        0.243934988
lambda =          1; f =         5984.9262036
lambda =     1.9332; f =         5984.8543119
Norm of dx   0.025542
----
Improvement on iteration 54 =        0.418864966
-----------------
f at the beginning of new iteration,      5984.8543118871
Predicted improvement:        0.144516346
lambda =          1; f =         5984.6626878
Norm of dx  0.0062049
----
Improvement on iteration 55 =        0.191624046
-----------------
f at the beginning of new iteration,      5984.6626878407
Predicted improvement:        0.063054765
lambda =          1; f =         5984.5732454
lambda =     1.9332; f =         5984.5549482
Norm of dx   0.008102
----
Improvement on iteration 56 =        0.107739677
-----------------
f at the beginning of new iteration,      5984.5549481639
Predicted improvement:        0.039318581
lambda =          1; f =         5984.4819806
lambda =     1.9332; f =         5984.4247892
lambda =     3.7372; f =         5984.3440532
lambda =     7.2247; f =         5984.2993639
Norm of dx  0.0036288
----
Improvement on iteration 57 =        0.255584263
-----------------
f at the beginning of new iteration,      5984.2993639011
Predicted improvement:        0.141820504
lambda =          1; f =         5984.0705944
lambda =     1.9332; f =         5983.9572793
Norm of dx   0.014933
----
Improvement on iteration 58 =        0.342084602
-----------------
f at the beginning of new iteration,      5983.9572792992
Predicted improvement:        0.127111510
lambda =          1; f =         5983.7725715
lambda =     1.9332; f =         5983.7301621
Norm of dx   0.025878
----
Improvement on iteration 59 =        0.227117186
-----------------
f at the beginning of new iteration,      5983.7301621130
Predicted improvement:        0.075549289
lambda =          1; f =         5983.5944756
lambda =     1.9332; f =         5983.4966095
lambda =     3.7372; f =         5983.3873226
Norm of dx  0.0050457
----
Improvement on iteration 60 =        0.342839498
-----------------
f at the beginning of new iteration,      5983.3873226154
Predicted improvement:        0.177529220
lambda =          1; f =         5983.1077275
lambda =     1.9332; f =         5982.9920514
Norm of dx   0.029163
----
Improvement on iteration 61 =        0.395271207
-----------------
f at the beginning of new iteration,      5982.9920514082
Predicted improvement:        0.096195453
lambda =          1; f =         5982.8525891
lambda =     1.9332; f =         5982.8203713
Norm of dx   0.025533
----
Improvement on iteration 62 =        0.171680091
-----------------
f at the beginning of new iteration,      5982.8203713170
Predicted improvement:        0.033262797
lambda =          1; f =         5982.7643895
lambda =     1.9332; f =         5982.7300845
lambda =     3.7372; f =         5982.7124538
Norm of dx  0.0052334
----
Improvement on iteration 63 =        0.107917558
-----------------
f at the beginning of new iteration,      5982.7124537586
Predicted improvement:        0.056393769
lambda =          1; f =         5982.6189448
lambda =     1.9332; f =         5982.5689597
Norm of dx   0.014503
----
Improvement on iteration 64 =        0.143494087
-----------------
f at the beginning of new iteration,      5982.5689596718
Predicted improvement:        0.062565240
lambda =          1; f =         5982.4757578
lambda =     1.9332; f =         5982.4504846
Norm of dx   0.028393
----
Improvement on iteration 65 =        0.118475048
-----------------
f at the beginning of new iteration,      5982.4504846242
Predicted improvement:        0.039610479
lambda =          1; f =         5982.3780321
lambda =     1.9332; f =         5982.3219917
lambda =     3.7372; f =         5982.2452903
Norm of dx  0.0051052
----
Improvement on iteration 66 =        0.205194348
-----------------
f at the beginning of new iteration,      5982.2452902760
Predicted improvement:        0.141254192
lambda =          1; f =         5982.0351392
lambda =     1.9332; f =         5981.9730513
Norm of dx   0.034412
----
Improvement on iteration 67 =        0.272238931
-----------------
f at the beginning of new iteration,      5981.9730513447
Predicted improvement:        0.070107987
lambda =          1; f =         5981.8560337
lambda =     1.9332; f =         5981.7924210
Norm of dx    0.02465
----
Improvement on iteration 68 =        0.180630356
-----------------
f at the beginning of new iteration,      5981.7924209884
Predicted improvement:        0.046628657
lambda =          1; f =         5981.7255966
lambda =     1.9332; f =         5981.7130367
Norm of dx   0.018689
----
Improvement on iteration 69 =        0.079384324
-----------------
f at the beginning of new iteration,      5981.7130366644
Predicted improvement:        0.020664401
lambda =          1; f =         5981.6786963
lambda =     1.9332; f =         5981.6582792
Norm of dx  0.0067456
----
Improvement on iteration 70 =        0.054757444
-----------------
f at the beginning of new iteration,      5981.6582792204
Predicted improvement:        0.034615808
lambda =          1; f =         5981.6054014
lambda =     1.9332; f =         5981.5852346
Norm of dx  0.0091925
----
Improvement on iteration 71 =        0.073044605
-----------------
f at the beginning of new iteration,      5981.5852346151
Predicted improvement:        0.030437412
lambda =          1; f =         5981.5303755
lambda =     1.9332; f =         5981.4919363
lambda =     3.7372; f =         5981.4526087
Norm of dx   0.013719
----
Improvement on iteration 72 =        0.132625872
-----------------
f at the beginning of new iteration,      5981.4526087435
Predicted improvement:        0.024587692
lambda =          1; f =         5981.4159933
lambda =     1.9332; f =         5981.4050462
Norm of dx   0.010622
----
Improvement on iteration 73 =        0.047562572
-----------------
f at the beginning of new iteration,      5981.4050461711
Predicted improvement:        0.012987407
lambda =          1; f =         5981.3818728
lambda =     1.9332; f =         5981.3651629
lambda =     3.7372; f =         5981.3463039
Norm of dx  0.0025792
----
Improvement on iteration 74 =        0.058742250
-----------------
f at the beginning of new iteration,      5981.3463039214
Predicted improvement:        0.032505319
lambda =          1; f =         5981.2895058
lambda =     1.9332; f =         5981.2511173
lambda =     3.7372; f =         5981.2173414
Norm of dx   0.011662
----
Improvement on iteration 75 =        0.128962522
-----------------
f at the beginning of new iteration,      5981.2173413990
Predicted improvement:        0.072980146
lambda =          1; f =         5981.0893426
lambda =     1.9332; f =         5981.0043095
lambda =     3.7372; f =         5980.9335371
Norm of dx   0.029406
----
Improvement on iteration 76 =        0.283804269
-----------------
f at the beginning of new iteration,      5980.9335371297
Predicted improvement:        0.052235566
lambda =          1; f =         5980.8524527
lambda =     1.9332; f =         5980.8186579
Norm of dx   0.010389
----
Improvement on iteration 77 =        0.114879235
-----------------
f at the beginning of new iteration,      5980.8186578946
Predicted improvement:        0.039380206
lambda =          1; f =         5980.7547283
lambda =     1.9332; f =         5980.7215535
Norm of dx   0.016742
----
Improvement on iteration 78 =        0.097104432
-----------------
f at the beginning of new iteration,      5980.7215534628
Predicted improvement:        0.054982603
lambda =          1; f =         5980.6249514
lambda =     1.9332; f =         5980.5610930
lambda =     3.7372; f =         5980.5099541
Norm of dx   0.032585
----
Improvement on iteration 79 =        0.211599371
-----------------
f at the beginning of new iteration,      5980.5099540922
Predicted improvement:        0.125095513
lambda =          1; f =         5980.2760433
lambda =     1.9332; f =         5980.0883018
lambda =     3.7372; f =         5979.8094696
lambda =     7.2247; f =         5979.5885089
Norm of dx   0.032855
----
Improvement on iteration 80 =        0.921445152
-----------------
f at the beginning of new iteration,      5979.5885089398
Predicted improvement:        0.178140027
lambda =          1; f =         5979.3465843
Norm of dx   0.083319
----
Improvement on iteration 81 =        0.241924675
-----------------
f at the beginning of new iteration,      5979.3465842650
Correct for low angle: 0.00447452
Predicted improvement:        0.074435055
lambda =          1; f =         5979.2761341
Norm of dx   0.059224
----
Improvement on iteration 82 =        0.070450198
-----------------
f at the beginning of new iteration,      5979.2761340670
Predicted improvement:        0.011843994
lambda =          1; f =         5979.2636423
Norm of dx   0.012823
----
Improvement on iteration 83 =        0.012491803
-----------------
f at the beginning of new iteration,      5979.2636422641
Predicted improvement:        0.005455587
lambda =          1; f =         5979.2533777
lambda =     1.9332; f =         5979.2451980
lambda =     3.7372; f =         5979.2332203
lambda =     7.2247; f =         5979.2244375
Norm of dx  0.0061142
----
Improvement on iteration 84 =        0.039204748
-----------------
f at the beginning of new iteration,      5979.2244375160
Predicted improvement:        0.031456201
lambda =          1; f =         5979.1648905
lambda =     1.9332; f =         5979.1143386
lambda =     3.7372; f =         5979.0304019
lambda =     7.2247; f =         5978.9200362
Norm of dx   0.010689
----
Improvement on iteration 85 =        0.304401269
-----------------
f at the beginning of new iteration,      5978.9200362474
Predicted improvement:        0.234783531
lambda =          1; f =         5978.5402343
lambda =     1.9332; f =         5978.3396862
Norm of dx    0.11991
----
Improvement on iteration 86 =        0.580350031
-----------------
f at the beginning of new iteration,      5978.3396862164
Correct for low angle: 0.00206627
Predicted improvement:        0.690705399
lambda =          1; f =         5979.6586374
lambda =    0.33333; f =         5978.1652605
Norm of dx    0.16025
----
Improvement on iteration 87 =        0.174425690
-----------------
f at the beginning of new iteration,      5978.1652605259
Correct for low angle: 0.00145437
Predicted improvement:        0.615821496
lambda =          1; f =         5982.2198992
lambda =    0.33333; f =         5978.3418267
lambda =    0.11111; f =         5978.0931681
Norm of dx    0.12796
----
Improvement on iteration 88 =        0.072092427
-----------------
f at the beginning of new iteration,      5978.0931680991
Correct for low angle: 0.0026374
Predicted improvement:        0.221830856
lambda =          1; f =         5979.3730555
lambda =    0.33333; f =         5978.1394698
lambda =    0.11111; f =         5978.0661747
Norm of dx    0.11638
----
Improvement on iteration 89 =        0.026993374
-----------------
f at the beginning of new iteration,      5978.0661747247
Correct for low angle: 0.00261321
Predicted improvement:        0.177333686
lambda =          1; f =         5979.4046012
lambda =    0.33333; f =         5978.1351132
lambda =    0.11111; f =         5978.0473303
Norm of dx    0.10475
----
Improvement on iteration 90 =        0.018844407
-----------------
f at the beginning of new iteration,      5978.0473303173
Correct for low angle: 0.00225821
Predicted improvement:        0.168426026
lambda =          1; f =         5979.5510379
lambda =    0.33333; f =         5978.1410890
lambda =    0.11111; f =         5978.0334389
Norm of dx   0.093588
----
Improvement on iteration 91 =        0.013891430
-----------------
f at the beginning of new iteration,      5978.0334388873
Correct for low angle: 0.00202943
Predicted improvement:        0.153019116
lambda =          1; f =         5979.4367484
lambda =    0.33333; f =         5978.1199809
lambda =    0.11111; f =         5978.0200333
Norm of dx   0.083322
----
Improvement on iteration 92 =        0.013405597
-----------------
f at the beginning of new iteration,      5978.0200332900
Correct for low angle: 0.002
Predicted improvement:        0.125983129
lambda =          1; f =         5979.1720167
lambda =    0.33333; f =         5978.0934514
lambda =    0.11111; f =         5978.0100749
Norm of dx   0.074556
----
Improvement on iteration 93 =        0.009958435
-----------------
f at the beginning of new iteration,      5978.0100748550
Correct for low angle: 0.00203867
Predicted improvement:        0.099428357
lambda =          1; f =         5978.8968571
lambda =    0.33333; f =         5978.0634115
lambda =    0.11111; f =         5978.0009872
Norm of dx   0.066521
----
Improvement on iteration 94 =        0.009087615
-----------------
f at the beginning of new iteration,      5978.0009872398
Correct for low angle: 0.00208402
Predicted improvement:        0.077908911
lambda =          1; f =         5978.6831374
lambda =    0.33333; f =         5978.0432519
lambda =    0.11111; f =         5977.9945427
Norm of dx   0.059108
----
Improvement on iteration 95 =        0.006444561
-----------------
f at the beginning of new iteration,      5977.9945426784
Correct for low angle: 0.00216787
Predicted improvement:        0.060346362
lambda =          1; f =         5978.5013637
lambda =    0.33333; f =         5978.0233133
lambda =    0.11111; f =         5977.9885817
Norm of dx    0.05293
----
Improvement on iteration 96 =        0.005960996
-----------------
f at the beginning of new iteration,      5977.9885816823
Correct for low angle: 0.00225227
Predicted improvement:        0.047267489
lambda =          1; f =         5978.3736861
lambda =    0.33333; f =         5978.0112600
lambda =    0.11111; f =         5977.9844139
Norm of dx    0.04738
----
Improvement on iteration 97 =        0.004167808
-----------------
f at the beginning of new iteration,      5977.9844138744
Correct for low angle: 0.00239055
Predicted improvement:        0.036185752
lambda =          1; f =         5978.2540681
lambda =    0.33333; f =         5977.9978250
lambda =    0.11111; f =         5977.9803975
Norm of dx   0.042248
----
Improvement on iteration 98 =        0.004016407
-----------------
f at the beginning of new iteration,      5977.9803974676
Correct for low angle: 0.00256517
Predicted improvement:        0.027072963
lambda =          1; f =         5978.1696122
lambda =    0.33333; f =         5977.9900307
lambda =    0.11111; f =         5977.9776773
Norm of dx   0.037728
----
Improvement on iteration 99 =        0.002720140
-----------------
f at the beginning of new iteration,      5977.9776773274
Correct for low angle: 0.00279522
Predicted improvement:        0.019938696
lambda =          1; f =         5978.0939663
lambda =    0.33333; f =         5977.9814072
lambda =    0.11111; f =         5977.9750316
Norm of dx   0.033518
----
Improvement on iteration 100 =        0.002645693
-----------------
f at the beginning of new iteration,      5977.9750316343
Correct for low angle: 0.00328208
Predicted improvement:        0.013953255
lambda =          1; f =         5978.0290441
lambda =    0.33333; f =         5977.9752357
lambda =    0.11111; f =         5977.9731236
Norm of dx   0.030138
----
Improvement on iteration 101 =        0.001907995
-----------------
f at the beginning of new iteration,      5977.9731236396
Correct for low angle: 0.00491084
Predicted improvement:        0.007670256
lambda =          1; f =         5977.9652954
Norm of dx   0.027561
----
Improvement on iteration 102 =        0.007828214
-----------------
f at the beginning of new iteration,      5977.9652954259
Predicted improvement:        0.000925950
lambda =          1; f =         5977.9637483
lambda =     1.9332; f =         5977.9628191
Norm of dx  0.0021649
----
Improvement on iteration 103 =        0.002476295
-----------------
f at the beginning of new iteration,      5977.9628191308
Predicted improvement:        0.002871438
lambda =          1; f =         5977.9582152
lambda =     1.9332; f =         5977.9555483
Norm of dx  0.0035347
----
Improvement on iteration 104 =        0.007270817
-----------------
f at the beginning of new iteration,      5977.9555483142
Predicted improvement:        0.008450033
lambda =          1; f =         5977.9421120
lambda =     1.9332; f =         5977.9358792
Norm of dx  0.0075945
----
Improvement on iteration 105 =        0.019669116
-----------------
f at the beginning of new iteration,      5977.9358791979
Correct for low angle: 0.0032377
Predicted improvement:        0.015765651
lambda =          1; f =         5977.9221105
Norm of dx  0.0095322
----
Improvement on iteration 106 =        0.013768700
-----------------
f at the beginning of new iteration,      5977.9221104980
Correct for low angle: 0.00426567
Predicted improvement:        0.004652762
lambda =          1; f =         5977.9183103
Norm of dx  0.0044848
----
Improvement on iteration 107 =        0.003800187
-----------------
f at the beginning of new iteration,      5977.9183103106
Correct for low angle: 0.0032849
Predicted improvement:        0.000519163
lambda =          1; f =         5977.9179176
Norm of dx  0.0014733
----
Improvement on iteration 108 =        0.000392705
-----------------
f at the beginning of new iteration,      5977.9179176060
Predicted improvement:        0.000151743
lambda =          1; f =         5977.9178277
lambda =    0.33333; f =         5977.9178590
Norm of dx 0.00041038
----
Improvement on iteration 109 =        0.000089919
-----------------
f at the beginning of new iteration,      5977.9178276868
Predicted improvement:        0.000024806
lambda =          1; f =         5977.9178015
Norm of dx 0.00072327
----
Improvement on iteration 110 =        0.000026148
-----------------
f at the beginning of new iteration,      5977.9178015389
Predicted improvement:        0.000106514
lambda =          1; f =         5977.9176729
Norm of dx  0.0018135
----
Improvement on iteration 111 =        0.000128653
-----------------
f at the beginning of new iteration,      5977.9176728859
Correct for low angle: 0.00383448
Predicted improvement:        0.000247617
lambda =          1; f =         5977.9173589
Norm of dx  0.0016199
----
Improvement on iteration 112 =        0.000314021
-----------------
f at the beginning of new iteration,      5977.9173588654
Predicted improvement:        0.000884364
lambda =          1; f =         5977.9164714
Norm of dx  0.0051162
----
Improvement on iteration 113 =        0.000887473
-----------------
f at the beginning of new iteration,      5977.9164713929
Predicted improvement:        0.000922637
lambda =          1; f =         5977.9160262
lambda =    0.33333; f =         5977.9161826
Norm of dx  0.0051253
----
Improvement on iteration 114 =        0.000445189
-----------------
f at the beginning of new iteration,      5977.9160262043
Correct for low angle: 0.00379461
Predicted improvement:        0.000474449
lambda =          1; f =         5977.9159640
lambda =    0.33333; f =         5977.9158699
Norm of dx   0.002913
----
Improvement on iteration 115 =        0.000156322
-----------------
f at the beginning of new iteration,      5977.9158698821
Predicted improvement:        0.000399014
lambda =          1; f =         5977.9158878
lambda =    0.33333; f =         5977.9157784
Norm of dx  0.0039087
----
Improvement on iteration 116 =        0.000091497
-----------------
f at the beginning of new iteration,      5977.9157783850
Predicted improvement:        0.000179328
lambda =          1; f =         5977.9156392
Norm of dx  0.0031823
----
Improvement on iteration 117 =        0.000139173
-----------------
f at the beginning of new iteration,      5977.9156392121
Predicted improvement:        0.000015385
lambda =          1; f =         5977.9155692
lambda =     1.9332; f =         5977.9155233
lambda =     3.7372; f =         5977.9154877
lambda =     7.2247; f =         5977.9156175
lambda =     4.8647; f =         5977.9155010
lambda =     6.1676; f =         5977.9155505
Norm of dx 0.00048296
----
Improvement on iteration 118 =        0.000151510
-----------------
f at the beginning of new iteration,      5977.9154877017
Predicted improvement:        0.000064587
lambda =          1; f =         5977.9155334
lambda =    0.33333; f =         5977.9154893
lambda =    0.11111; f =         5977.9154867
lambda =   0.037037; f =         5977.9154872
lambda =   0.012346; f =         5977.9154875
lambda =  0.0041152; f =         5977.9154876
lambda =  0.0013717; f =         5977.9154877
lambda = 0.00045725; f =         5977.9154877
Norm of dx  0.0010706
----
Improvement on iteration 119 =        0.000000984
-----------------
f at the beginning of new iteration,      5977.9154867177
Predicted improvement:        0.000480794
lambda =          1; f =         5977.9188983
lambda =    0.33333; f =         5977.9157723
lambda =    0.11111; f =         5977.9154874
lambda =   0.037037; f =         5977.9154765
lambda =   0.012346; f =         5977.9154821
Norm of dx  0.0056642
----
Improvement on iteration 120 =        0.000010267
-----------------
f at the beginning of new iteration,      5977.9154764508
Predicted improvement:        0.000089555
lambda =          1; f =         5977.9157392
lambda =    0.33333; f =         5977.9155125
lambda =    0.11111; f =         5977.9154827
lambda =   0.037037; f =         5977.9154779
lambda =   0.012346; f =         5977.9154769
lambda =  0.0041152; f =         5977.9154766
lambda =  0.0013717; f =         5977.9154765
lambda = 0.00045725; f =         5977.9154765
lambda = 0.00015242; f =         5977.9154765
lambda = 5.0805e-05; f =         5977.9154765
lambda = 1.6935e-05; f =         5977.9154765
lambda =  5.645e-06; f =         5977.9154765
lambda = 1.8817e-06; f =         5977.9154765
lambda = 6.2723e-07; f =         5977.9154765
lambda = 2.0908e-07; f =         5977.9154765
lambda = 6.9692e-08; f =         5977.9154765
lambda = 2.3231e-08; f =         5977.9154765
lambda = 7.7435e-09; f =         5977.9154765
lambda = 2.5812e-09; f =         5977.9154765

lambda =

  -6.2723e-07

lambda = -6.2723e-07; f =         5977.9154765
lambda = -2.0908e-07; f =         5977.9154765
lambda = -6.9692e-08; f =         5977.9154765
lambda = -2.3231e-08; f =         5977.9154765
lambda = -7.7435e-09; f =         5977.9154765
lambda = -2.5812e-09; f =         5977.9154765
Norm of dx  0.0021469
----
Improvement on iteration 121 =        0.000000000
improvement < crit termination
smallest step still improving too slow, reversed gradient

Final value of minus the log posterior (or likelihood):5977.915476 

RESULTS FROM POSTERIOR ESTIMATION
parameters
           prior mean     mode    s.d.  prior pstdev

crhoa          0.5000   0.9902  0.0010   beta 0.2000 
crhob          0.5000   0.6410  0.0149   beta 0.2000 
crhog          0.5000   0.9729  0.0042   beta 0.2000 
crhoqs         0.5000   0.6012  0.0213   beta 0.2000 
crhoms         0.5000   0.2675  0.0248   beta 0.2000 
crhopinf       0.5000   0.4310  0.0858   beta 0.2000 
crhow          0.5000   0.2981  0.0662   beta 0.2000 
cmap           0.5000   0.5673  0.0617   beta 0.2000 
cmaw           0.5000   0.4702  0.0466   beta 0.2000 
csadjcost      4.0000   5.5185  0.1730   norm 1.5000 
csigma         1.5000   1.3803  0.0764   norm 0.3750 
chabb          0.7000   0.6023  0.0149   beta 0.1000 
cprobw         0.5000   0.7496  0.0068   beta 0.1000 
csigl          2.0000   2.0505  0.1355   norm 0.7500 
cprobp         0.5000   0.6035  0.0069   beta 0.1000 
cindw          0.5000   0.3092  0.0153   beta 0.1500 
cindp          0.5000   0.3968  0.0153   beta 0.1500 
czcap          0.5000   0.1947  0.0130   beta 0.1500 
cfc            1.2500   1.4998  0.0056   norm 0.1250 
crpi           1.5000   1.6102  0.0662   norm 0.2500 
crr            0.7500   0.8933  0.0046   beta 0.1000 
cry            0.1250   0.1023  0.0068   norm 0.0500 
crdy           0.1250   0.1994  0.0014   norm 0.0500 
constepinf     0.6250   0.7389  0.0684   gamm 0.1000 
constebeta     0.2500   0.6968  0.0986   gamm 0.1000 
constelab      0.0000  -0.3559  0.4606   norm 2.0000 
ctrend         0.4000   0.3500  0.0002   norm 0.1000 
cgy            0.5000   0.3444  0.0498   norm 0.2500 
calfa          0.3000   0.2028  0.0043   norm 0.0500 

standard deviation of shocks
           prior mean     mode    s.d.  prior pstdev

ea             0.1000   0.3420  0.0077   invg 2.0000 
eb             0.1000   1.7869  0.0810   invg 2.0000 
eg             0.1000   0.5482  0.0123   invg 2.0000 
eqs            0.1000   0.5334  0.0223   invg 2.0000 
em             0.1000   0.2021  0.0046   invg 2.0000 
epinf          0.1000   0.1165  0.0035   invg 2.0000 
ew             0.1000   0.2108  0.0064   invg 2.0000 


Log data density [Laplace approximation] is -6112.832781.

Estimation::mcmc: One Chain mode.
Estimation::mcmc: Old mh-files successfully erased!
Estimation::mcmc: Old metropolis.log file successfully erased!
Estimation::mcmc: Creation of a new metropolis.log file.
Estimation::mcmc: Initialization at the posterior mode.

Estimation::mcmc: Write details about the MCMC... Ok!
Estimation::mcmc: Details about the MCMC are available in Smets_Wouters_2007_45/metropolis\Smets_Wouters_2007_45_mh_history_0.mat


Estimation::mcmc: Number of mh files: 1 per block.
Estimation::mcmc: Total number of generated files: 1.
Estimation::mcmc: Total number of iterations: 50000.
Estimation::mcmc: Current acceptance ratio per chain: 
                                                       Chain  1: 22.648%
Estimation::mcmc: Total number of MH draws per chain: 50000.
Estimation::mcmc: Total number of generated MH files: 1.
Estimation::mcmc: I'll use mh-files 1 to 1.
Estimation::mcmc: In MH-file number 1 I'll start at line 12501.
Estimation::mcmc: Finally I keep 37500 draws per chain.



MCMC Inefficiency factors per block
Parameter        Block 1
SE_ea            123.307
SE_eb            147.943
SE_eg            129.503
SE_eqs           100.400
SE_em            100.818
SE_epinf         132.864
SE_ew            115.772
crhoa            126.959
crhob            132.401
crhog            152.152
crhoqs            98.424
crhoms           101.343
crhopinf         121.265
crhow            126.100
cmap             137.989
cmaw             143.480
csadjcost        132.564
csigma           192.267
chabb            167.976
cprobw           110.803
csigl            116.809
cprobp           127.193
cindw            135.864
cindp            129.903
czcap            124.001
cfc              125.244
crpi             120.655
crr              139.711
cry              135.210
crdy             111.280
constepinf       125.521
constebeta       109.324
constelab        119.922
ctrend           131.500
cgy              114.021
calfa             89.716


Geweke (1992) Convergence Tests, based on means of draws 12500 to 20000 vs 31250 to 50000.
p-values are for Chi2-test for equality of means.
Parameter          Post. Mean        Post. Std   p-val No Taper   p-val 4% Taper   p-val 8% Taper  p-val 15% Taper
SE_ea                   0.343            0.008            0.581            0.955            0.957            0.954
SE_eb                   1.791            0.075            0.000            0.266            0.342            0.396
SE_eg                   0.549            0.013            0.000            0.570            0.590            0.542
SE_eqs                  0.535            0.022            0.052            0.806            0.797            0.777
SE_em                   0.203            0.004            0.000            0.699            0.714            0.706
SE_epinf                0.117            0.004            0.000            0.004            0.008            0.012
SE_ew                   0.211            0.006            0.000            0.118            0.121            0.105
crhoa                   0.990            0.001            0.000            0.669            0.632            0.591
crhob                   0.641            0.013            0.000            0.409            0.439            0.431
crhog                   0.972            0.005            0.000            0.278            0.282            0.297
crhoqs                  0.599            0.021            0.088            0.837            0.832            0.830
crhoms                  0.269            0.025            0.000            0.400            0.431            0.466
crhopinf                0.400            0.084            0.000            0.329            0.330            0.359
crhow                   0.287            0.065            0.000            0.573            0.622            0.617
cmap                    0.538            0.063            0.000            0.492            0.504            0.541
cmaw                    0.459            0.047            0.011            0.826            0.847            0.845
csadjcost               5.540            0.161            0.000            0.311            0.324            0.324
csigma                  1.379            0.075            0.000            0.391            0.448            0.469
chabb                   0.603            0.015            0.000            0.431            0.463            0.476
cprobw                  0.750            0.006            0.000            0.587            0.583            0.529
csigl                   2.079            0.132            0.381            0.933            0.931            0.918
cprobp                  0.603            0.006            0.637            0.962            0.964            0.964
cindw                   0.308            0.015            0.000            0.497            0.528            0.562
cindp                   0.396            0.014            0.384            0.930            0.933            0.929
czcap                   0.195            0.013            0.175            0.894            0.897            0.907
cfc                     1.500            0.006            0.000            0.118            0.117            0.157
crpi                    1.634            0.071            0.066            0.862            0.860            0.835
crr                     0.894            0.004            0.000            0.317            0.335            0.301
cry                     0.101            0.007            0.000            0.578            0.578            0.534
crdy                    0.200            0.001            0.003            0.735            0.709            0.665
constepinf              0.745            0.067            0.000            0.078            0.113            0.094
constebeta              0.704            0.097            0.000            0.455            0.482            0.498
constelab              -0.323            0.443            0.000            0.265            0.298            0.251
ctrend                  0.350            0.000            0.147            0.895            0.895            0.892
cgy                     0.344            0.051            0.000            0.631            0.665            0.664
calfa                   0.203            0.004            0.000            0.698            0.687            0.700


Estimation::marginal density: I'm computing the posterior mean and covariance...  Done!
Estimation::marginal density: I'm computing the posterior log marginal density (modified harmonic mean)... Done!


ESTIMATION RESULTS

Log data density is -6113.684177.

parameters
             prior mean   post. mean        90% HPD interval    prior       pstdev

crhoa             0.500       0.9901      0.9883      0.9920     beta       0.2000
crhob             0.500       0.6416      0.6197      0.6638     beta       0.2000
crhog             0.500       0.9721      0.9650      0.9796     beta       0.2000
crhoqs            0.500       0.6002      0.5692      0.6359     beta       0.2000
crhoms            0.500       0.2683      0.2283      0.3105     beta       0.2000
crhopinf          0.500       0.3998      0.2566      0.5279     beta       0.2000
crhow             0.500       0.2874      0.1837      0.3903     beta       0.2000
cmap              0.500       0.5389      0.4394      0.6428     beta       0.2000
cmaw              0.500       0.4586      0.3830      0.5349     beta       0.2000
csadjcost         4.000       5.5506      5.2855      5.8216     norm       1.5000
csigma            1.500       1.3805      1.2620      1.5083     norm       0.3750
chabb             0.700       0.6028      0.5771      0.6259     beta       0.1000
cprobw            0.500       0.7507      0.7407      0.7612     beta       0.1000
csigl             2.000       2.0817      1.8571      2.2911     norm       0.7500
cprobp            0.500       0.6036      0.5930      0.6139     beta       0.1000
cindw             0.500       0.3079      0.2840      0.3330     beta       0.1500
cindp             0.500       0.3968      0.3746      0.4203     beta       0.1500
czcap             0.500       0.1946      0.1732      0.2177     beta       0.1500
cfc               1.250       1.5001      1.4902      1.5097     norm       0.1250
crpi              1.500       1.6317      1.5128      1.7412     norm       0.2500
crr               0.750       0.8940      0.8867      0.9011     beta       0.1000
cry               0.125       0.1010      0.0886      0.1127     norm       0.0500
crdy              0.125       0.1997      0.1974      0.2020     norm       0.0500
constepinf        0.625       0.7448      0.6356      0.8594     gamm       0.1000
constebeta        0.250       0.7036      0.5427      0.8631     gamm       0.1000
constelab         0.000      -0.3316     -1.1492      0.3579     norm       2.0000
ctrend            0.400       0.3500      0.3497      0.3503     norm       0.1000
cgy               0.500       0.3421      0.2565      0.4237     norm       0.2500
calfa             0.300       0.2027      0.1955      0.2094     norm       0.0500

standard deviation of shocks
             prior mean   post. mean        90% HPD interval    prior       pstdev

ea                0.100       0.3424      0.3282      0.3545     invg       2.0000
eb                0.100       1.7870      1.6632      1.9070     invg       2.0000
eg                0.100       0.5489      0.5289      0.5704     invg       2.0000
eqs               0.100       0.5344      0.4979      0.5685     invg       2.0000
em                0.100       0.2025      0.1956      0.2102     invg       2.0000
epinf             0.100       0.1167      0.1111      0.1228     invg       2.0000
ew                0.100       0.2109      0.2007      0.2211     invg       2.0000
Total computing time : 0h17m57s
Note: 33 warning(s) encountered in the preprocessor
Note: warning(s) encountered in MATLAB/Octave code
